<?xml version="1.0" encoding="UTF-8"?>
<testsuite xmlns:xsi="http://www.w3.org/2001/XMLSchema-instance" xsi:noNamespaceSchemaLocation="https://maven.apache.org/surefire/maven-surefire-plugin/xsd/surefire-test-report.xsd" version="3.0.2" name="cpsc326.Parser2MiniTest" time="0.043" tests="16" errors="2" skipped="0" failures="4">
  <properties>
[...]
</properties>
  <testcase name="logicalOrShortCircuitsDuringInterpretation" classname="cpsc326.Parser2MiniTest" time="0.013"/>
  <testcase name="logicalAndShortCircuitsDuringInterpretation" classname="cpsc326.Parser2MiniTest" time="0.003">
    <failure message="expected: &lt;2&gt; but was: &lt;1&gt;" type="org.opentest4j.AssertionFailedError"><![CDATA[org.opentest4j.AssertionFailedError: expected: <2> but was: <1>
	at org.junit.jupiter.api.AssertionFailureBuilder.build(AssertionFailureBuilder.java:151)
	at org.junit.jupiter.api.AssertionFailureBuilder.buildAndThrow(AssertionFailureBuilder.java:132)
	at org.junit.jupiter.api.AssertEquals.failNotEqual(AssertEquals.java:197)
	at org.junit.jupiter.api.AssertEquals.assertEquals(AssertEquals.java:182)
	at org.junit.jupiter.api.AssertEquals.assertEquals(AssertEquals.java:177)
	at org.junit.jupiter.api.Assertions.assertEquals(Assertions.java:1145)
	at cpsc326.Parser2MiniTest.logicalAndShortCircuitsDuringInterpretation(Parser2MiniTest.java:281)
	at java.base/java.lang.reflect.Method.invoke(Method.java:580)
	at java.base/java.util.ArrayList.forEach(ArrayList.java:1596)
	at java.base/java.util.ArrayList.forEach(ArrayList.java:1596)
]]></failure>
  </testcase>
  <testcase name="reportsMissingLeftParenAfterIf" classname="cpsc326.Parser2MiniTest" time="0.004"/>
  <testcase name="parsesForLoopWithoutClausesAsInfiniteLoop" classname="cpsc326.Parser2MiniTest" time="0.001">
    <failure message="expected: &lt;1&gt; but was: &lt;2&gt;" type="org.opentest4j.AssertionFailedError"><![CDATA[org.opentest4j.AssertionFailedError: expected: <1> but was: <2>
	at org.junit.jupiter.api.AssertionFailureBuilder.build(AssertionFailureBuilder.java:151)
	at org.junit.jupiter.api.AssertionFailureBuilder.buildAndThrow(AssertionFailureBuilder.java:132)
	at org.junit.jupiter.api.AssertEquals.failNotEqual(AssertEquals.java:197)
	at org.junit.jupiter.api.AssertEquals.assertEquals(AssertEquals.java:150)
	at org.junit.jupiter.api.AssertEquals.assertEquals(AssertEquals.java:145)
	at org.junit.jupiter.api.Assertions.assertEquals(Assertions.java:531)
	at cpsc326.Parser2MiniTest.parseSingleStatement(Parser2MiniTest.java:36)
	at cpsc326.Parser2MiniTest.parsesForLoopWithoutClausesAsInfiniteLoop(Parser2MiniTest.java:202)
	at java.base/java.lang.reflect.Method.invoke(Method.java:580)
	at java.base/java.util.ArrayList.forEach(ArrayList.java:1596)
	at java.base/java.util.ArrayList.forEach(ArrayList.java:1596)
]]></failure>
  </testcase>
  <testcase name="parsesIfElseStatement" classname="cpsc326.Parser2MiniTest" time="0.001"/>
  <testcase name="parsesVariableDeclarationWithInitializer" classname="cpsc326.Parser2MiniTest" time="0.0"/>
  <testcase name="interpretsVariableAssignment" classname="cpsc326.Parser2MiniTest" time="0.0"/>
  <testcase name="bindsElseToNearestIf" classname="cpsc326.Parser2MiniTest" time="0.0"/>
  <testcase name="reportsMissingSemicolonInsideForHeader" classname="cpsc326.Parser2MiniTest" time="0.001"/>
  <testcase name="interpretsForLoop" classname="cpsc326.Parser2MiniTest" time="0.001">
    <error message="Cannot invoke &quot;cpsc326.Stmt.accept(cpsc326.Stmt$Visitor)&quot; because &quot;stmt&quot; is null" type="java.lang.NullPointerException"><![CDATA[java.lang.NullPointerException: Cannot invoke "cpsc326.Stmt.accept(cpsc326.Stmt$Visitor)" because "stmt" is null
	at cpsc326.Interpreter.evaluate(Interpreter.java:97)
	at cpsc326.Interpreter.interpret(Interpreter.java:13)
	at cpsc326.Parser2MiniTest.interpret(Parser2MiniTest.java:60)
	at cpsc326.Parser2MiniTest.interpretsForLoop(Parser2MiniTest.java:257)
	at java.base/java.lang.reflect.Method.invoke(Method.java:580)
	at java.base/java.util.ArrayList.forEach(ArrayList.java:1596)
	at java.base/java.util.ArrayList.forEach(ArrayList.java:1596)
]]></error>
  </testcase>
  <testcase name="parsesAssignmentExpression" classname="cpsc326.Parser2MiniTest" time="0.001"/>
  <testcase name="interpretsForLoopWithoutIncrementWhenBodyUpdatesVariable" classname="cpsc326.Parser2MiniTest" time="0.001">
    <error message="Cannot invoke &quot;cpsc326.Stmt.accept(cpsc326.Stmt$Visitor)&quot; because &quot;stmt&quot; is null" type="java.lang.NullPointerException"><![CDATA[java.lang.NullPointerException: Cannot invoke "cpsc326.Stmt.accept(cpsc326.Stmt$Visitor)" because "stmt" is null
	at cpsc326.Interpreter.evaluate(Interpreter.java:97)
	at cpsc326.Interpreter.interpret(Interpreter.java:13)
	at cpsc326.Parser2MiniTest.interpret(Parser2MiniTest.java:60)
	at cpsc326.Parser2MiniTest.interpretsForLoopWithoutIncrementWhenBodyUpdatesVariable(Parser2MiniTest.java:264)
	at java.base/java.lang.reflect.Method.invoke(Method.java:580)
	at java.base/java.util.ArrayList.forEach(ArrayList.java:1596)
	at java.base/java.util.ArrayList.forEach(ArrayList.java:1596)
]]></error>
  </testcase>
  <testcase name="parsesForLoopIntoInitializerAndWhile" classname="cpsc326.Parser2MiniTest" time="0.001">
    <failure message="expected: not &lt;null&gt;" type="org.opentest4j.AssertionFailedError"><![CDATA[org.opentest4j.AssertionFailedError: expected: not <null>
	at org.junit.jupiter.api.AssertionFailureBuilder.build(AssertionFailureBuilder.java:152)
	at org.junit.jupiter.api.AssertionFailureBuilder.buildAndThrow(AssertionFailureBuilder.java:132)
	at org.junit.jupiter.api.AssertNotNull.failNull(AssertNotNull.java:49)
	at org.junit.jupiter.api.AssertNotNull.assertNotNull(AssertNotNull.java:35)
	at org.junit.jupiter.api.AssertNotNull.assertNotNull(AssertNotNull.java:30)
	at org.junit.jupiter.api.Assertions.assertNotNull(Assertions.java:304)
	at cpsc326.Parser2MiniTest.parseSingleStatement(Parser2MiniTest.java:37)
	at cpsc326.Parser2MiniTest.parsesForLoopIntoInitializerAndWhile(Parser2MiniTest.java:158)
	at java.base/java.lang.reflect.Method.invoke(Method.java:580)
	at java.base/java.util.ArrayList.forEach(ArrayList.java:1596)
	at java.base/java.util.ArrayList.forEach(ArrayList.java:1596)
]]></failure>
    <system-err><![CDATA[[token IDENTIFIER i] Error: Expected closing paren after for loop declaration
]]></system-err>
  </testcase>
  <testcase name="parsesWhileStatement" classname="cpsc326.Parser2MiniTest" time="0.0">
    <system-out><![CDATA[Creating a while statement
]]></system-out>
  </testcase>
  <testcase name="parserRecoversAfterBrokenDeclaration" classname="cpsc326.Parser2MiniTest" time="0.001">
    <failure message="expected: &lt;2&gt; but was: &lt;1&gt;" type="org.opentest4j.AssertionFailedError"><![CDATA[org.opentest4j.AssertionFailedError: expected: <2> but was: <1>
	at org.junit.jupiter.api.AssertionFailureBuilder.build(AssertionFailureBuilder.java:151)
	at org.junit.jupiter.api.AssertionFailureBuilder.buildAndThrow(AssertionFailureBuilder.java:132)
	at org.junit.jupiter.api.AssertEquals.failNotEqual(AssertEquals.java:197)
	at org.junit.jupiter.api.AssertEquals.assertEquals(AssertEquals.java:150)
	at org.junit.jupiter.api.AssertEquals.assertEquals(AssertEquals.java:145)
	at org.junit.jupiter.api.Assertions.assertEquals(Assertions.java:531)
	at cpsc326.Parser2MiniTest.parserRecoversAfterBrokenDeclaration(Parser2MiniTest.java:242)
	at java.base/java.lang.reflect.Method.invoke(Method.java:580)
	at java.base/java.util.ArrayList.forEach(ArrayList.java:1596)
	at java.base/java.util.ArrayList.forEach(ArrayList.java:1596)
]]></failure>
  </testcase>
  <testcase name="reportsMissingSemicolonAfterVarDeclaration" classname="cpsc326.Parser2MiniTest" time="0.001"/>
</testsuite>